2025-07-23 10:48:22.775652556 [W:onnxruntime:, session_state.cc:1162 VerifyEachNodeIsAssignedToAnEp] Some nodes were not assigned to the preferred execution providers which may or may not have an negative impact on performance. e.g. ORT explicitly assigns shape related ops to CPU to improve perf.
2025-07-23 10:48:22.775686354 [W:onnxruntime:, session_state.cc:1164 VerifyEachNodeIsAssignedToAnEp] Rerunning with verbose output on a non-minimal build will show node assignments.
track_grpc_pose.py:474: DeprecationWarning: HIGH_DENSITY is deprecated, will be removed in future releases and replaced with DEFAULT.
  stereo.setDefaultProfilePreset(dai.node.StereoDepth.PresetMode.HIGH_DENSITY)
模型输入形状: [1, 3, 384, 128], 调整输入尺寸为: (128, 384)
ReID特征提取器初始化完成，使用ONNX Runtime
=== OAK单目标跟踪系统启动 - 性能优化版 ===
gRPC服务器: localhost:50051
最大重试次数: 3
可视化模式: 启用

========== 程序启动尝试 1/3 ==========
=== OAK单目标跟踪系统 (性能优化版) ===
gRPC服务器地址: localhost:50051
可视化状态: 启用
尝试连接OAK相机... (第 1/5 次)
相机连接失败 (第 1 次): Cannot find any device with given deviceInfo
等待 3 秒后重试...
尝试连接OAK相机... (第 2/5 次)
相机连接失败 (第 2 次): Cannot find any device with given deviceInfo
等待 3 秒后重试...
尝试连接OAK相机... (第 3/5 次)
相机连接失败 (第 3 次): Cannot find any device with given deviceInfo
等待 3 秒后重试...
尝试连接OAK相机... (第 4/5 次)
相机连接失败 (第 4 次): Cannot find any device with given deviceInfo
等待 3 秒后重试...
尝试连接OAK相机... (第 5/5 次)
相机连接失败 (第 5 次): Cannot find any device with given deviceInfo
所有重试尝试都失败了
❌ 无法连接到OAK相机，程序退出
程序启动失败 (第 1 次)
等待5秒后重试...

========== 程序启动尝试 2/3 ==========
=== OAK单目标跟踪系统 (性能优化版) ===
gRPC服务器地址: localhost:50051
可视化状态: 启用
尝试连接OAK相机... (第 1/5 次)
相机连接失败 (第 1 次): Cannot find any device with given deviceInfo
等待 3 秒后重试...
尝试连接OAK相机... (第 2/5 次)
相机连接失败 (第 2 次): Cannot find any device with given deviceInfo
等待 3 秒后重试...
尝试连接OAK相机... (第 3/5 次)
相机连接失败 (第 3 次): Cannot find any device with given deviceInfo
等待 3 秒后重试...
尝试连接OAK相机... (第 4/5 次)
相机连接失败 (第 4 次): Cannot find any device with given deviceInfo
等待 3 秒后重试...
尝试连接OAK相机... (第 5/5 次)
相机连接失败 (第 5 次): Cannot find any device with given deviceInfo
所有重试尝试都失败了
❌ 无法连接到OAK相机，程序退出
程序启动失败 (第 2 次)
等待5秒后重试...

========== 程序启动尝试 3/3 ==========
=== OAK单目标跟踪系统 (性能优化版) ===
gRPC服务器地址: localhost:50051
可视化状态: 启用
尝试连接OAK相机... (第 1/5 次)
相机连接失败 (第 1 次): Cannot find any device with given deviceInfo
等待 3 秒后重试...
尝试连接OAK相机... (第 2/5 次)
相机连接失败 (第 2 次): Cannot find any device with given deviceInfo
等待 3 秒后重试...
尝试连接OAK相机... (第 3/5 次)
相机连接失败 (第 3 次): Cannot find any device with given deviceInfo
等待 3 秒后重试...
尝试连接OAK相机... (第 4/5 次)
相机连接失败 (第 4 次): Cannot find any device with given deviceInfo
等待 3 秒后重试...
尝试连接OAK相机... (第 5/5 次)
相机连接失败 (第 5 次): Cannot find any device with given deviceInfo
所有重试尝试都失败了
❌ 无法连接到OAK相机，程序退出
程序启动失败 (第 3 次)
所有启动尝试都失败了
