/home/juwei/track_torch/track_torch.py:154: DeprecationWarning: HIGH_DENSITY is deprecated, will be removed in future releases and replaced with DEFAULT.
  stereo.setDefaultProfilePreset(dai.node.StereoDepth.PresetMode.HIGH_DENSITY)

使用的计算设备: cuda:0
=== OAK ReID 自动指令跟踪系统 ===
尝试连接OAK相机... (第 1/3 次)
相机连接失败: Failed to connect to device, error message: X_LINK_DEVICE_ALREADY_IN_USE
尝试连接OAK相机... (第 2/3 次)
相机连接失败: Failed to connect to device, error message: X_LINK_DEVICE_ALREADY_IN_USE
尝试连接OAK相机... (第 3/3 次)
相机连接失败: Failed to connect to device, error message: X_LINK_DEVICE_ALREADY_IN_USE

/home/juwei/track_torch/track_torch.py:154: DeprecationWarning: HIGH_DENSITY is deprecated, will be removed in future releases and replaced with DEFAULT.
  stereo.setDefaultProfilePreset(dai.node.StereoDepth.PresetMode.HIGH_DENSITY)

使用的计算设备: cuda:0
=== OAK ReID 自动指令跟踪系统 ===
尝试连接OAK相机... (第 1/3 次)
相机连接失败: Failed to connect to device, error message: X_LINK_DEVICE_ALREADY_IN_USE
尝试连接OAK相机... (第 2/3 次)
相机连接失败: Failed to connect to device, error message: X_LINK_DEVICE_ALREADY_IN_USE
尝试连接OAK相机... (第 3/3 次)
相机连接失败: Failed to connect to device, error message: X_LINK_DEVICE_ALREADY_IN_USE

/home/juwei/track_torch/track_torch.py:154: DeprecationWarning: HIGH_DENSITY is deprecated, will be removed in future releases and replaced with DEFAULT.
  stereo.setDefaultProfilePreset(dai.node.StereoDepth.PresetMode.HIGH_DENSITY)

使用的计算设备: cuda:0
=== OAK ReID 自动指令跟踪系统 ===
尝试连接OAK相机... (第 1/3 次)
相机连接失败: Failed to connect to device, error message: X_LINK_DEVICE_ALREADY_IN_USE
尝试连接OAK相机... (第 2/3 次)
相机连接失败: Failed to connect to device, error message: X_LINK_DEVICE_ALREADY_IN_USE
尝试连接OAK相机... (第 3/3 次)
相机连接失败: Failed to connect to device, error message: X_LINK_DEVICE_ALREADY_IN_USE

